<?xml version="1.0" encoding="UTF-8"?>
<testsuite name="ClaseTester" tests="1" skipped="0" failures="0" errors="0" timestamp="2021-11-14T21:15:02" hostname="MAYERPC" time="0.016">
  <properties/>
  <testcase name="longitudStringTest()" classname="ClaseTester" time="0.016"/>
  <system-out><![CDATA[]]></system-out>
  <system-err><![CDATA[]]></system-err>
</testsuite>
